<?xml version="1.0" encoding="UTF-8"?>
<!-- Generated by org.testng.reporters.JUnitXMLReporter -->
<testsuite hostname="LT0021232" ignored="0" name="Default test" tests="3" failures="0" timestamp="31 Oct 2018 06:41:22 GMT" time="14.878" errors="0">
  <testcase name="AmazonLogoTest" time="1.69" classname="com.qa.TestCase.AmazonLoginPageTest"/>
  <testcase name="ConsumerPortalTittle" time="0.035" classname="com.qa.TestCase.AmazonLoginPageTest"/>
  <testcase name="ConsumerLogoTest" time="12.051" classname="com.qa.TestCase.AmazonLoginPageTest"/>
</testsuite> <!-- Default test -->
