<?xml version="1.0" encoding="UTF-8"?>
<!-- Generated by org.testng.reporters.JUnitXMLReporter -->
<testsuite hostname="Jeya-Lenovo" name="SuiteTwoCaseTwo" tests="2" failures="2" timestamp="19 Sep 2015 14:38:48 GMT" time="37.792" errors="0">
  <testcase name="SuiteTwoCaseTwoTest" time="22.379" classname="com.stta.SuiteTwo.SuiteTwoCaseTwo">
    <failure type="java.lang.NullPointerException">
      <![CDATA[java.lang.NullPointerException
	at com.stta.SuiteTwo.SuiteTwoCaseTwo.SuiteTwoCaseTwoTest(SuiteTwoCaseTwo.java:84)
... Removed 25 stack frames]]>
    </failure>
  </testcase> <!-- SuiteTwoCaseTwoTest -->
  <testcase name="SuiteTwoCaseTwoTest" time="15.163" classname="com.stta.SuiteTwo.SuiteTwoCaseTwo">
    <failure type="java.lang.NullPointerException">
      <![CDATA[java.lang.NullPointerException
	at com.stta.SuiteTwo.SuiteTwoCaseTwo.SuiteTwoCaseTwoTest(SuiteTwoCaseTwo.java:84)
... Removed 25 stack frames]]>
    </failure>
  </testcase> <!-- SuiteTwoCaseTwoTest -->
</testsuite> <!-- SuiteTwoCaseTwo -->
