<?xml version="1.0" encoding="UTF-8"?>
<!-- Generated by org.testng.reporters.JUnitXMLReporter -->
<testsuite hostname="LT0021232" ignored="6" name="Test" tests="7" failures="0" timestamp="31 Oct 2018 09:55:36 GMT" time="67.336" errors="0">
  <testcase name="AmazonLogoTest" time="2.352" classname="com.qa.TestCase.AmazonLoginPageTest"/>
  <testcase name="ConsumerPortalTittle" time="0.169" classname="com.qa.TestCase.AmazonLoginPageTest"/>
  <testcase name="ConsumerLogoTest" time="18.501" classname="com.qa.TestCase.AmazonLoginPageTest"/>
  <testcase name="AmazonSearchPage" time="12.521" classname="com.qa.TestCase.DashBoardPageTest"/>
  <testcase name="ClickonContactPage" time="17.482" classname="com.qa.TestCase.DashBoardPageTest"/>
  <testcase name="ConsumerLogoTest" time="10.565" classname="com.qa.TestCase.CustomerHelpPageTest"/>
  <testcase name="AmazonLogout" time="3.658" classname="com.qa.TestCase.CustomerHelpPageTest"/>
  <testcase name="@AfterTest Exit" time="0.0" classname="com.qa.BaseClass.BaseClass">
    <ignored/>
  </testcase> <!-- @AfterTest Exit -->
  <testcase name="@AfterTest Exit" time="0.0" classname="com.qa.BaseClass.BaseClass">
    <ignored/>
  </testcase> <!-- @AfterTest Exit -->
  <testcase name="@BeforeSuite ReportSetup" time="0.0" classname="com.qa.BaseClass.BaseClass">
    <ignored/>
  </testcase> <!-- @BeforeSuite ReportSetup -->
  <testcase name="@BeforeSuite ReportSetup" time="0.0" classname="com.qa.BaseClass.BaseClass">
    <ignored/>
  </testcase> <!-- @BeforeSuite ReportSetup -->
  <testcase name="@AfterSuite endReport" time="0.0" classname="com.qa.BaseClass.BaseClass">
    <ignored/>
  </testcase> <!-- @AfterSuite endReport -->
  <testcase name="@AfterSuite endReport" time="0.0" classname="com.qa.BaseClass.BaseClass">
    <ignored/>
  </testcase> <!-- @AfterSuite endReport -->
</testsuite> <!-- Test -->
