<?xml version="1.0" encoding="UTF-8"?>
<testsuite xmlns:xsi="http://www.w3.org/2001/XMLSchema-instance" xsi:noNamespaceSchemaLocation="https://maven.apache.org/surefire/maven-surefire-plugin/xsd/surefire-test-report.xsd" name="TestSuite" time="117.882" tests="7" errors="0" skipped="0" failures="0">
  <properties>
[...]
</properties>
  <testcase name="AmazonLogoTest" classname="com.qa.TestCase.AmazonLoginPageTest" time="2.382"/>
  <testcase name="ConsumerPortalTittle" classname="com.qa.TestCase.AmazonLoginPageTest" time="0.128"/>
  <testcase name="ConsumerLogoTest" classname="com.qa.TestCase.AmazonLoginPageTest" time="18.423"/>
  <testcase name="AmazonSearchPage" classname="com.qa.TestCase.DashBoardPageTest" time="12.878"/>
  <testcase name="ClickonContactPage" classname="com.qa.TestCase.DashBoardPageTest" time="17.053"/>
  <testcase name="ConsumerLogoTest" classname="com.qa.TestCase.CustomerHelpPageTest" time="10.586"/>
  <testcase name="AmazonLogout" classname="com.qa.TestCase.CustomerHelpPageTest" time="3.661"/>
</testsuite>