<?xml version="1.0" encoding="UTF-8"?>
<!-- Generated by org.testng.reporters.JUnitXMLReporter -->
<testsuite hostname="Amit-HP" name="Default test" tests="2" failures="0" timestamp="20 Sep 2015 12:52:50 GMT" time="22.265" errors="0">
  <testcase name="SuiteOneCaseOneTest" time="21.978" classname="com.stta.SuiteOne.SuiteOneCaseOne"/>
  <testcase name="SuiteOneCaseOneTest" time="0.014" classname="com.stta.SuiteOne.SuiteOneCaseOne">
    <skipped/>
  </testcase> <!-- SuiteOneCaseOneTest -->
</testsuite> <!-- Default test -->
