<?xml version="1.0" encoding="UTF-8"?>
<testng-results skipped="0" failed="6" total="8" passed="2">
  <reporter-output>
  </reporter-output>
  <suite name="SuiteOne" duration-ms="50001" started-at="2015-09-13T14:34:39Z" finished-at="2015-09-13T14:35:29Z">
    <groups>
    </groups>
    <test name="SuiteOneCaseOne" duration-ms="31838" started-at="2015-09-13T14:34:39Z" finished-at="2015-09-13T14:35:11Z">
      <class name="com.stta.SuiteOne.SuiteOneCaseOne">
        <test-method status="PASS" signature="checkCaseToRun()[pri:0, instance:com.stta.SuiteOne.SuiteOneCaseOne@4461c7e3]" name="checkCaseToRun" is-config="true" duration-ms="110" started-at="2015-09-13T15:34:39Z" finished-at="2015-09-13T15:34:39Z">
          <reporter-output>
          </reporter-output>
        </test-method> <!-- checkCaseToRun -->
        <test-method status="PASS" signature="SuiteOneCaseOneTest(java.lang.String, java.lang.String, java.lang.String, java.lang.String)[pri:0, instance:com.stta.SuiteOne.SuiteOneCaseOne@4461c7e3]" name="SuiteOneCaseOneTest" duration-ms="25931" started-at="2015-09-13T15:34:40Z" data-provider="SuiteOneCaseOneData" finished-at="2015-09-13T15:35:05Z">
          <params>
            <param index="0">
              <value>
                <![CDATA[9]]>
              </value>
            </param>
            <param index="1">
              <value>
                <![CDATA[5]]>
              </value>
            </param>
            <param index="2">
              <value>
                <![CDATA[7]]>
              </value>
            </param>
            <param index="3">
              <value>
                <![CDATA[21]]>
              </value>
            </param>
          </params>
          <reporter-output>
          </reporter-output>
        </test-method> <!-- SuiteOneCaseOneTest -->
        <test-method status="PASS" signature="reporterDataResults()[pri:0, instance:com.stta.SuiteOne.SuiteOneCaseOne@4461c7e3]" name="reporterDataResults" is-config="true" duration-ms="20" started-at="2015-09-13T15:35:06Z" finished-at="2015-09-13T15:35:06Z">
          <reporter-output>
          </reporter-output>
        </test-method> <!-- reporterDataResults -->
        <test-method status="PASS" signature="SuiteOneCaseOneTest(java.lang.String, java.lang.String, java.lang.String, java.lang.String)[pri:0, instance:com.stta.SuiteOne.SuiteOneCaseOne@4461c7e3]" name="SuiteOneCaseOneTest" duration-ms="4439" started-at="2015-09-13T15:35:06Z" data-provider="SuiteOneCaseOneData" finished-at="2015-09-13T15:35:11Z">
          <params>
            <param index="0">
              <value>
                <![CDATA[3]]>
              </value>
            </param>
            <param index="1">
              <value>
                <![CDATA[7]]>
              </value>
            </param>
            <param index="2">
              <value>
                <![CDATA[3]]>
              </value>
            </param>
            <param index="3">
              <value>
                <![CDATA[13]]>
              </value>
            </param>
          </params>
          <reporter-output>
          </reporter-output>
        </test-method> <!-- SuiteOneCaseOneTest -->
        <test-method status="PASS" signature="reporterDataResults()[pri:0, instance:com.stta.SuiteOne.SuiteOneCaseOne@4461c7e3]" name="reporterDataResults" is-config="true" duration-ms="42" started-at="2015-09-13T15:35:11Z" finished-at="2015-09-13T15:35:11Z">
          <reporter-output>
          </reporter-output>
        </test-method> <!-- reporterDataResults -->
        <test-method status="PASS" signature="closeBrowser()[pri:0, instance:com.stta.SuiteOne.SuiteOneCaseOne@4461c7e3]" name="closeBrowser" is-config="true" duration-ms="63" started-at="2015-09-13T15:35:11Z" finished-at="2015-09-13T15:35:11Z">
          <reporter-output>
          </reporter-output>
        </test-method> <!-- closeBrowser -->
      </class> <!-- com.stta.SuiteOne.SuiteOneCaseOne -->
    </test> <!-- SuiteOneCaseOne -->
    <test name="SuiteOneCaseTwo" duration-ms="17944" started-at="2015-09-13T14:35:11Z" finished-at="2015-09-13T14:35:29Z">
      <class name="com.stta.SuiteOne.SuiteOneCaseTwo">
        <test-method status="PASS" signature="checkSuiteToRun()[pri:0, instance:com.stta.SuiteOne.SuiteOneCaseTwo@67e2d983]" name="checkSuiteToRun" is-config="true" duration-ms="4792" started-at="2015-09-13T15:34:35Z" finished-at="2015-09-13T15:34:39Z">
          <reporter-output>
          </reporter-output>
        </test-method> <!-- checkSuiteToRun -->
        <test-method status="PASS" signature="checkCaseToRun()[pri:0, instance:com.stta.SuiteOne.SuiteOneCaseTwo@67e2d983]" name="checkCaseToRun" is-config="true" duration-ms="31" started-at="2015-09-13T15:35:11Z" finished-at="2015-09-13T15:35:11Z">
          <reporter-output>
          </reporter-output>
        </test-method> <!-- checkCaseToRun -->
        <test-method status="FAIL" signature="SuiteOneCaseTwoTest(java.lang.String, java.lang.String, java.lang.String, java.lang.String)[pri:0, instance:com.stta.SuiteOne.SuiteOneCaseTwo@67e2d983]" name="SuiteOneCaseTwoTest" duration-ms="13962" started-at="2015-09-13T15:35:11Z" data-provider="SuiteOneCaseTwoData" finished-at="2015-09-13T15:35:25Z">
          <params>
            <param index="0">
              <value>
                <![CDATA[9]]>
              </value>
            </param>
            <param index="1">
              <value>
                <![CDATA[3]]>
              </value>
            </param>
            <param index="2">
              <value>
                <![CDATA[2]]>
              </value>
            </param>
            <param index="3">
              <value>
                <![CDATA[4]]>
              </value>
            </param>
          </params>
          <exception class="java.lang.NullPointerException">
            <full-stacktrace>
              <![CDATA[java.lang.NullPointerException
	at com.stta.SuiteOne.SuiteOneCaseTwo.SuiteOneCaseTwoTest(SuiteOneCaseTwo.java:87)
	at sun.reflect.NativeMethodAccessorImpl.invoke0(Native Method)
	at sun.reflect.NativeMethodAccessorImpl.invoke(NativeMethodAccessorImpl.java:62)
	at sun.reflect.DelegatingMethodAccessorImpl.invoke(DelegatingMethodAccessorImpl.java:43)
	at java.lang.reflect.Method.invoke(Method.java:497)
	at org.testng.internal.MethodInvocationHelper.invokeMethod(MethodInvocationHelper.java:84)
	at org.testng.internal.Invoker.invokeMethod(Invoker.java:714)
	at org.testng.internal.Invoker.invokeTestMethod(Invoker.java:901)
	at org.testng.internal.Invoker.invokeTestMethods(Invoker.java:1231)
	at org.testng.internal.TestMethodWorker.invokeTestMethods(TestMethodWorker.java:127)
	at org.testng.internal.TestMethodWorker.run(TestMethodWorker.java:111)
	at org.testng.TestRunner.privateRun(TestRunner.java:767)
	at org.testng.TestRunner.run(TestRunner.java:617)
	at org.testng.SuiteRunner.runTest(SuiteRunner.java:334)
	at org.testng.SuiteRunner.runSequentially(SuiteRunner.java:329)
	at org.testng.SuiteRunner.privateRun(SuiteRunner.java:291)
	at org.testng.SuiteRunner.run(SuiteRunner.java:240)
	at org.testng.SuiteRunnerWorker.runSuite(SuiteRunnerWorker.java:52)
	at org.testng.SuiteRunnerWorker.run(SuiteRunnerWorker.java:86)
	at org.testng.TestNG.runSuitesSequentially(TestNG.java:1224)
	at org.testng.TestNG.runSuitesSequentially(TestNG.java:1220)
	at org.testng.TestNG.runSuitesLocally(TestNG.java:1149)
	at org.testng.TestNG.run(TestNG.java:1057)
	at org.testng.remote.RemoteTestNG.run(RemoteTestNG.java:111)
	at org.testng.remote.RemoteTestNG.initAndRun(RemoteTestNG.java:204)
	at org.testng.remote.RemoteTestNG.main(RemoteTestNG.java:175)
]]>
            </full-stacktrace>
          </exception> <!-- java.lang.NullPointerException -->
          <reporter-output>
          </reporter-output>
        </test-method> <!-- SuiteOneCaseTwoTest -->
        <test-method status="PASS" signature="reporterDataResults()[pri:0, instance:com.stta.SuiteOne.SuiteOneCaseTwo@67e2d983]" name="reporterDataResults" is-config="true" duration-ms="32" started-at="2015-09-13T15:35:26Z" finished-at="2015-09-13T15:35:26Z">
          <reporter-output>
          </reporter-output>
        </test-method> <!-- reporterDataResults -->
        <test-method status="FAIL" signature="SuiteOneCaseTwoTest(java.lang.String, java.lang.String, java.lang.String, java.lang.String)[pri:0, instance:com.stta.SuiteOne.SuiteOneCaseTwo@67e2d983]" name="SuiteOneCaseTwoTest" duration-ms="2966" started-at="2015-09-13T15:35:26Z" data-provider="SuiteOneCaseTwoData" finished-at="2015-09-13T15:35:29Z">
          <params>
            <param index="0">
              <value>
                <![CDATA[4]]>
              </value>
            </param>
            <param index="1">
              <value>
                <![CDATA[2]]>
              </value>
            </param>
            <param index="2">
              <value>
                <![CDATA[5]]>
              </value>
            </param>
            <param index="3">
              <value>
                <![CDATA[-3]]>
              </value>
            </param>
          </params>
          <exception class="java.lang.NullPointerException">
            <full-stacktrace>
              <![CDATA[java.lang.NullPointerException
	at com.stta.SuiteOne.SuiteOneCaseTwo.SuiteOneCaseTwoTest(SuiteOneCaseTwo.java:87)
	at sun.reflect.NativeMethodAccessorImpl.invoke0(Native Method)
	at sun.reflect.NativeMethodAccessorImpl.invoke(NativeMethodAccessorImpl.java:62)
	at sun.reflect.DelegatingMethodAccessorImpl.invoke(DelegatingMethodAccessorImpl.java:43)
	at java.lang.reflect.Method.invoke(Method.java:497)
	at org.testng.internal.MethodInvocationHelper.invokeMethod(MethodInvocationHelper.java:84)
	at org.testng.internal.Invoker.invokeMethod(Invoker.java:714)
	at org.testng.internal.Invoker.invokeTestMethod(Invoker.java:901)
	at org.testng.internal.Invoker.invokeTestMethods(Invoker.java:1231)
	at org.testng.internal.TestMethodWorker.invokeTestMethods(TestMethodWorker.java:127)
	at org.testng.internal.TestMethodWorker.run(TestMethodWorker.java:111)
	at org.testng.TestRunner.privateRun(TestRunner.java:767)
	at org.testng.TestRunner.run(TestRunner.java:617)
	at org.testng.SuiteRunner.runTest(SuiteRunner.java:334)
	at org.testng.SuiteRunner.runSequentially(SuiteRunner.java:329)
	at org.testng.SuiteRunner.privateRun(SuiteRunner.java:291)
	at org.testng.SuiteRunner.run(SuiteRunner.java:240)
	at org.testng.SuiteRunnerWorker.runSuite(SuiteRunnerWorker.java:52)
	at org.testng.SuiteRunnerWorker.run(SuiteRunnerWorker.java:86)
	at org.testng.TestNG.runSuitesSequentially(TestNG.java:1224)
	at org.testng.TestNG.runSuitesSequentially(TestNG.java:1220)
	at org.testng.TestNG.runSuitesLocally(TestNG.java:1149)
	at org.testng.TestNG.run(TestNG.java:1057)
	at org.testng.remote.RemoteTestNG.run(RemoteTestNG.java:111)
	at org.testng.remote.RemoteTestNG.initAndRun(RemoteTestNG.java:204)
	at org.testng.remote.RemoteTestNG.main(RemoteTestNG.java:175)
]]>
            </full-stacktrace>
          </exception> <!-- java.lang.NullPointerException -->
          <reporter-output>
          </reporter-output>
        </test-method> <!-- SuiteOneCaseTwoTest -->
        <test-method status="PASS" signature="reporterDataResults()[pri:0, instance:com.stta.SuiteOne.SuiteOneCaseTwo@67e2d983]" name="reporterDataResults" is-config="true" duration-ms="16" started-at="2015-09-13T15:35:29Z" finished-at="2015-09-13T15:35:29Z">
          <reporter-output>
          </reporter-output>
        </test-method> <!-- reporterDataResults -->
        <test-method status="PASS" signature="closeBrowser()[pri:0, instance:com.stta.SuiteOne.SuiteOneCaseTwo@67e2d983]" name="closeBrowser" is-config="true" duration-ms="47" started-at="2015-09-13T15:35:29Z" finished-at="2015-09-13T15:35:29Z">
          <reporter-output>
          </reporter-output>
        </test-method> <!-- closeBrowser -->
      </class> <!-- com.stta.SuiteOne.SuiteOneCaseTwo -->
    </test> <!-- SuiteOneCaseTwo -->
  </suite> <!-- SuiteOne -->
  <suite name="Calc Suite" duration-ms="0" started-at="2015-09-13T14:36:05Z" finished-at="2015-09-13T14:36:05Z">
    <groups>
    </groups>
  </suite> <!-- Calc Suite -->
  <suite name="SuiteTwo" duration-ms="33810" started-at="2015-09-13T14:35:30Z" finished-at="2015-09-13T14:36:03Z">
    <groups>
    </groups>
    <test name="SuiteTwoCaseOne" duration-ms="17411" started-at="2015-09-13T14:35:30Z" finished-at="2015-09-13T14:35:47Z">
      <class name="com.stta.SuiteTwo.SuiteTwoCaseOne">
        <test-method status="PASS" signature="checkCaseToRun()[pri:0, instance:com.stta.SuiteTwo.SuiteTwoCaseOne@45f45fa1]" name="checkCaseToRun" is-config="true" duration-ms="110" started-at="2015-09-13T15:35:30Z" finished-at="2015-09-13T15:35:30Z">
          <reporter-output>
          </reporter-output>
        </test-method> <!-- checkCaseToRun -->
        <test-method status="FAIL" signature="SuiteTwoCaseOneTest(java.lang.String, java.lang.String, java.lang.String)[pri:0, instance:com.stta.SuiteTwo.SuiteTwoCaseOne@45f45fa1]" name="SuiteTwoCaseOneTest" duration-ms="13061" started-at="2015-09-13T15:35:30Z" data-provider="SuiteTwoCaseOneData" finished-at="2015-09-13T15:35:43Z">
          <params>
            <param index="0">
              <value>
                <![CDATA[9]]>
              </value>
            </param>
            <param index="1">
              <value>
                <![CDATA[5]]>
              </value>
            </param>
            <param index="2">
              <value>
                <![CDATA[45]]>
              </value>
            </param>
          </params>
          <exception class="java.lang.NullPointerException">
            <full-stacktrace>
              <![CDATA[java.lang.NullPointerException
	at com.stta.SuiteTwo.SuiteTwoCaseOne.SuiteTwoCaseOneTest(SuiteTwoCaseOne.java:86)
	at sun.reflect.NativeMethodAccessorImpl.invoke0(Native Method)
	at sun.reflect.NativeMethodAccessorImpl.invoke(NativeMethodAccessorImpl.java:62)
	at sun.reflect.DelegatingMethodAccessorImpl.invoke(DelegatingMethodAccessorImpl.java:43)
	at java.lang.reflect.Method.invoke(Method.java:497)
	at org.testng.internal.MethodInvocationHelper.invokeMethod(MethodInvocationHelper.java:84)
	at org.testng.internal.Invoker.invokeMethod(Invoker.java:714)
	at org.testng.internal.Invoker.invokeTestMethod(Invoker.java:901)
	at org.testng.internal.Invoker.invokeTestMethods(Invoker.java:1231)
	at org.testng.internal.TestMethodWorker.invokeTestMethods(TestMethodWorker.java:127)
	at org.testng.internal.TestMethodWorker.run(TestMethodWorker.java:111)
	at org.testng.TestRunner.privateRun(TestRunner.java:767)
	at org.testng.TestRunner.run(TestRunner.java:617)
	at org.testng.SuiteRunner.runTest(SuiteRunner.java:334)
	at org.testng.SuiteRunner.runSequentially(SuiteRunner.java:329)
	at org.testng.SuiteRunner.privateRun(SuiteRunner.java:291)
	at org.testng.SuiteRunner.run(SuiteRunner.java:240)
	at org.testng.SuiteRunnerWorker.runSuite(SuiteRunnerWorker.java:52)
	at org.testng.SuiteRunnerWorker.run(SuiteRunnerWorker.java:86)
	at org.testng.TestNG.runSuitesSequentially(TestNG.java:1224)
	at org.testng.TestNG.runSuitesSequentially(TestNG.java:1220)
	at org.testng.TestNG.runSuitesLocally(TestNG.java:1149)
	at org.testng.TestNG.run(TestNG.java:1057)
	at org.testng.remote.RemoteTestNG.run(RemoteTestNG.java:111)
	at org.testng.remote.RemoteTestNG.initAndRun(RemoteTestNG.java:204)
	at org.testng.remote.RemoteTestNG.main(RemoteTestNG.java:175)
]]>
            </full-stacktrace>
          </exception> <!-- java.lang.NullPointerException -->
          <reporter-output>
          </reporter-output>
        </test-method> <!-- SuiteTwoCaseOneTest -->
        <test-method status="PASS" signature="reporterDataResults()[pri:0, instance:com.stta.SuiteTwo.SuiteTwoCaseOne@45f45fa1]" name="reporterDataResults" is-config="true" duration-ms="15" started-at="2015-09-13T15:35:43Z" finished-at="2015-09-13T15:35:43Z">
          <reporter-output>
          </reporter-output>
        </test-method> <!-- reporterDataResults -->
        <test-method status="FAIL" signature="SuiteTwoCaseOneTest(java.lang.String, java.lang.String, java.lang.String)[pri:0, instance:com.stta.SuiteTwo.SuiteTwoCaseOne@45f45fa1]" name="SuiteTwoCaseOneTest" duration-ms="3230" started-at="2015-09-13T15:35:43Z" data-provider="SuiteTwoCaseOneData" finished-at="2015-09-13T15:35:46Z">
          <params>
            <param index="0">
              <value>
                <![CDATA[3]]>
              </value>
            </param>
            <param index="1">
              <value>
                <![CDATA[7]]>
              </value>
            </param>
            <param index="2">
              <value>
                <![CDATA[21]]>
              </value>
            </param>
          </params>
          <exception class="java.lang.NullPointerException">
            <full-stacktrace>
              <![CDATA[java.lang.NullPointerException
	at com.stta.SuiteTwo.SuiteTwoCaseOne.SuiteTwoCaseOneTest(SuiteTwoCaseOne.java:86)
	at sun.reflect.NativeMethodAccessorImpl.invoke0(Native Method)
	at sun.reflect.NativeMethodAccessorImpl.invoke(NativeMethodAccessorImpl.java:62)
	at sun.reflect.DelegatingMethodAccessorImpl.invoke(DelegatingMethodAccessorImpl.java:43)
	at java.lang.reflect.Method.invoke(Method.java:497)
	at org.testng.internal.MethodInvocationHelper.invokeMethod(MethodInvocationHelper.java:84)
	at org.testng.internal.Invoker.invokeMethod(Invoker.java:714)
	at org.testng.internal.Invoker.invokeTestMethod(Invoker.java:901)
	at org.testng.internal.Invoker.invokeTestMethods(Invoker.java:1231)
	at org.testng.internal.TestMethodWorker.invokeTestMethods(TestMethodWorker.java:127)
	at org.testng.internal.TestMethodWorker.run(TestMethodWorker.java:111)
	at org.testng.TestRunner.privateRun(TestRunner.java:767)
	at org.testng.TestRunner.run(TestRunner.java:617)
	at org.testng.SuiteRunner.runTest(SuiteRunner.java:334)
	at org.testng.SuiteRunner.runSequentially(SuiteRunner.java:329)
	at org.testng.SuiteRunner.privateRun(SuiteRunner.java:291)
	at org.testng.SuiteRunner.run(SuiteRunner.java:240)
	at org.testng.SuiteRunnerWorker.runSuite(SuiteRunnerWorker.java:52)
	at org.testng.SuiteRunnerWorker.run(SuiteRunnerWorker.java:86)
	at org.testng.TestNG.runSuitesSequentially(TestNG.java:1224)
	at org.testng.TestNG.runSuitesSequentially(TestNG.java:1220)
	at org.testng.TestNG.runSuitesLocally(TestNG.java:1149)
	at org.testng.TestNG.run(TestNG.java:1057)
	at org.testng.remote.RemoteTestNG.run(RemoteTestNG.java:111)
	at org.testng.remote.RemoteTestNG.initAndRun(RemoteTestNG.java:204)
	at org.testng.remote.RemoteTestNG.main(RemoteTestNG.java:175)
]]>
            </full-stacktrace>
          </exception> <!-- java.lang.NullPointerException -->
          <reporter-output>
          </reporter-output>
        </test-method> <!-- SuiteTwoCaseOneTest -->
        <test-method status="PASS" signature="reporterDataResults()[pri:0, instance:com.stta.SuiteTwo.SuiteTwoCaseOne@45f45fa1]" name="reporterDataResults" is-config="true" duration-ms="15" started-at="2015-09-13T15:35:47Z" finished-at="2015-09-13T15:35:47Z">
          <reporter-output>
          </reporter-output>
        </test-method> <!-- reporterDataResults -->
        <test-method status="PASS" signature="closeBrowser()[pri:0, instance:com.stta.SuiteTwo.SuiteTwoCaseOne@45f45fa1]" name="closeBrowser" is-config="true" duration-ms="47" started-at="2015-09-13T15:35:47Z" finished-at="2015-09-13T15:35:47Z">
          <reporter-output>
          </reporter-output>
        </test-method> <!-- closeBrowser -->
      </class> <!-- com.stta.SuiteTwo.SuiteTwoCaseOne -->
    </test> <!-- SuiteTwoCaseOne -->
    <test name="SuiteTwoCaseTwo" duration-ms="16383" started-at="2015-09-13T14:35:47Z" finished-at="2015-09-13T14:36:03Z">
      <class name="com.stta.SuiteTwo.SuiteTwoCaseTwo">
        <test-method status="PASS" signature="checkSuiteToRun()[pri:0, instance:com.stta.SuiteTwo.SuiteTwoCaseTwo@2890c451]" name="checkSuiteToRun" is-config="true" duration-ms="140" started-at="2015-09-13T15:35:29Z" finished-at="2015-09-13T15:35:30Z">
          <reporter-output>
          </reporter-output>
        </test-method> <!-- checkSuiteToRun -->
        <test-method status="PASS" signature="checkCaseToRun()[pri:0, instance:com.stta.SuiteTwo.SuiteTwoCaseTwo@2890c451]" name="checkCaseToRun" is-config="true" duration-ms="45" started-at="2015-09-13T15:35:47Z" finished-at="2015-09-13T15:35:47Z">
          <reporter-output>
          </reporter-output>
        </test-method> <!-- checkCaseToRun -->
        <test-method status="FAIL" signature="SuiteTwoCaseTwoTest(java.lang.String, java.lang.String, java.lang.String)[pri:0, instance:com.stta.SuiteTwo.SuiteTwoCaseTwo@2890c451]" name="SuiteTwoCaseTwoTest" duration-ms="12150" started-at="2015-09-13T15:35:47Z" data-provider="SuiteTwoCaseTwoData" finished-at="2015-09-13T15:35:59Z">
          <params>
            <param index="0">
              <value>
                <![CDATA[9]]>
              </value>
            </param>
            <param index="1">
              <value>
                <![CDATA[3]]>
              </value>
            </param>
            <param index="2">
              <value>
                <![CDATA[3]]>
              </value>
            </param>
          </params>
          <exception class="java.lang.NullPointerException">
            <full-stacktrace>
              <![CDATA[java.lang.NullPointerException
	at com.stta.SuiteTwo.SuiteTwoCaseTwo.SuiteTwoCaseTwoTest(SuiteTwoCaseTwo.java:86)
	at sun.reflect.NativeMethodAccessorImpl.invoke0(Native Method)
	at sun.reflect.NativeMethodAccessorImpl.invoke(NativeMethodAccessorImpl.java:62)
	at sun.reflect.DelegatingMethodAccessorImpl.invoke(DelegatingMethodAccessorImpl.java:43)
	at java.lang.reflect.Method.invoke(Method.java:497)
	at org.testng.internal.MethodInvocationHelper.invokeMethod(MethodInvocationHelper.java:84)
	at org.testng.internal.Invoker.invokeMethod(Invoker.java:714)
	at org.testng.internal.Invoker.invokeTestMethod(Invoker.java:901)
	at org.testng.internal.Invoker.invokeTestMethods(Invoker.java:1231)
	at org.testng.internal.TestMethodWorker.invokeTestMethods(TestMethodWorker.java:127)
	at org.testng.internal.TestMethodWorker.run(TestMethodWorker.java:111)
	at org.testng.TestRunner.privateRun(TestRunner.java:767)
	at org.testng.TestRunner.run(TestRunner.java:617)
	at org.testng.SuiteRunner.runTest(SuiteRunner.java:334)
	at org.testng.SuiteRunner.runSequentially(SuiteRunner.java:329)
	at org.testng.SuiteRunner.privateRun(SuiteRunner.java:291)
	at org.testng.SuiteRunner.run(SuiteRunner.java:240)
	at org.testng.SuiteRunnerWorker.runSuite(SuiteRunnerWorker.java:52)
	at org.testng.SuiteRunnerWorker.run(SuiteRunnerWorker.java:86)
	at org.testng.TestNG.runSuitesSequentially(TestNG.java:1224)
	at org.testng.TestNG.runSuitesSequentially(TestNG.java:1220)
	at org.testng.TestNG.runSuitesLocally(TestNG.java:1149)
	at org.testng.TestNG.run(TestNG.java:1057)
	at org.testng.remote.RemoteTestNG.run(RemoteTestNG.java:111)
	at org.testng.remote.RemoteTestNG.initAndRun(RemoteTestNG.java:204)
	at org.testng.remote.RemoteTestNG.main(RemoteTestNG.java:175)
]]>
            </full-stacktrace>
          </exception> <!-- java.lang.NullPointerException -->
          <reporter-output>
          </reporter-output>
        </test-method> <!-- SuiteTwoCaseTwoTest -->
        <test-method status="PASS" signature="reporterDataResults()[pri:0, instance:com.stta.SuiteTwo.SuiteTwoCaseTwo@2890c451]" name="reporterDataResults" is-config="true" duration-ms="16" started-at="2015-09-13T15:36:00Z" finished-at="2015-09-13T15:36:00Z">
          <reporter-output>
          </reporter-output>
        </test-method> <!-- reporterDataResults -->
        <test-method status="FAIL" signature="SuiteTwoCaseTwoTest(java.lang.String, java.lang.String, java.lang.String)[pri:0, instance:com.stta.SuiteTwo.SuiteTwoCaseTwo@2890c451]" name="SuiteTwoCaseTwoTest" duration-ms="3250" started-at="2015-09-13T15:36:00Z" data-provider="SuiteTwoCaseTwoData" finished-at="2015-09-13T15:36:03Z">
          <params>
            <param index="0">
              <value>
                <![CDATA[4]]>
              </value>
            </param>
            <param index="1">
              <value>
                <![CDATA[2]]>
              </value>
            </param>
            <param index="2">
              <value>
                <![CDATA[2]]>
              </value>
            </param>
          </params>
          <exception class="java.lang.NullPointerException">
            <full-stacktrace>
              <![CDATA[java.lang.NullPointerException
	at com.stta.SuiteTwo.SuiteTwoCaseTwo.SuiteTwoCaseTwoTest(SuiteTwoCaseTwo.java:86)
	at sun.reflect.NativeMethodAccessorImpl.invoke0(Native Method)
	at sun.reflect.NativeMethodAccessorImpl.invoke(NativeMethodAccessorImpl.java:62)
	at sun.reflect.DelegatingMethodAccessorImpl.invoke(DelegatingMethodAccessorImpl.java:43)
	at java.lang.reflect.Method.invoke(Method.java:497)
	at org.testng.internal.MethodInvocationHelper.invokeMethod(MethodInvocationHelper.java:84)
	at org.testng.internal.Invoker.invokeMethod(Invoker.java:714)
	at org.testng.internal.Invoker.invokeTestMethod(Invoker.java:901)
	at org.testng.internal.Invoker.invokeTestMethods(Invoker.java:1231)
	at org.testng.internal.TestMethodWorker.invokeTestMethods(TestMethodWorker.java:127)
	at org.testng.internal.TestMethodWorker.run(TestMethodWorker.java:111)
	at org.testng.TestRunner.privateRun(TestRunner.java:767)
	at org.testng.TestRunner.run(TestRunner.java:617)
	at org.testng.SuiteRunner.runTest(SuiteRunner.java:334)
	at org.testng.SuiteRunner.runSequentially(SuiteRunner.java:329)
	at org.testng.SuiteRunner.privateRun(SuiteRunner.java:291)
	at org.testng.SuiteRunner.run(SuiteRunner.java:240)
	at org.testng.SuiteRunnerWorker.runSuite(SuiteRunnerWorker.java:52)
	at org.testng.SuiteRunnerWorker.run(SuiteRunnerWorker.java:86)
	at org.testng.TestNG.runSuitesSequentially(TestNG.java:1224)
	at org.testng.TestNG.runSuitesSequentially(TestNG.java:1220)
	at org.testng.TestNG.runSuitesLocally(TestNG.java:1149)
	at org.testng.TestNG.run(TestNG.java:1057)
	at org.testng.remote.RemoteTestNG.run(RemoteTestNG.java:111)
	at org.testng.remote.RemoteTestNG.initAndRun(RemoteTestNG.java:204)
	at org.testng.remote.RemoteTestNG.main(RemoteTestNG.java:175)
]]>
            </full-stacktrace>
          </exception> <!-- java.lang.NullPointerException -->
          <reporter-output>
          </reporter-output>
        </test-method> <!-- SuiteTwoCaseTwoTest -->
        <test-method status="PASS" signature="reporterDataResults()[pri:0, instance:com.stta.SuiteTwo.SuiteTwoCaseTwo@2890c451]" name="reporterDataResults" is-config="true" duration-ms="16" started-at="2015-09-13T15:36:03Z" finished-at="2015-09-13T15:36:03Z">
          <reporter-output>
          </reporter-output>
        </test-method> <!-- reporterDataResults -->
        <test-method status="PASS" signature="closeBrowser()[pri:0, instance:com.stta.SuiteTwo.SuiteTwoCaseTwo@2890c451]" name="closeBrowser" is-config="true" duration-ms="47" started-at="2015-09-13T15:36:03Z" finished-at="2015-09-13T15:36:03Z">
          <reporter-output>
          </reporter-output>
        </test-method> <!-- closeBrowser -->
      </class> <!-- com.stta.SuiteTwo.SuiteTwoCaseTwo -->
    </test> <!-- SuiteTwoCaseTwo -->
  </suite> <!-- SuiteTwo -->
</testng-results>
