<?xml version="1.0" encoding="UTF-8"?>
<!-- Generated by org.testng.reporters.JUnitXMLReporter -->
<testsuite hostname="Hello" name="SuiteOneCaseTwo" tests="2" failures="1" timestamp="13 Sep 2015 15:02:54 GMT" time="24.292" errors="0">
  <testcase name="SuiteOneCaseTwoTest" time="0.002" classname="com.stta.SuiteOne.SuiteOneCaseTwo">
    <skipped/>
  </testcase> <!-- SuiteOneCaseTwoTest -->
  <testcase name="SuiteOneCaseTwoTest" time="23.186" classname="com.stta.SuiteOne.SuiteOneCaseTwo">
    <failure type="java.lang.NullPointerException">
      <![CDATA[java.lang.NullPointerException
	at com.stta.SuiteOne.SuiteOneCaseTwo.SuiteOneCaseTwoTest(SuiteOneCaseTwo.java:87)
... Removed 25 stack frames]]>
    </failure>
  </testcase> <!-- SuiteOneCaseTwoTest -->
</testsuite> <!-- SuiteOneCaseTwo -->
