<?xml version="1.0" encoding="UTF-8"?>
<!-- Generated by org.testng.reporters.JUnitXMLReporter -->
<testsuite hostname="Jeya-Lenovo" name="SuiteOneCaseOne" tests="2" failures="2" timestamp="20 Sep 2015 15:15:30 GMT" time="68.62" errors="0">
  <testcase name="SuiteOneCaseOneTest" time="49.268" classname="com.stta.SuiteOne.SuiteOneCaseOne">
    <failure type="java.lang.NullPointerException">
      <![CDATA[java.lang.NullPointerException
	at com.stta.SuiteOne.SuiteOneCaseOne.SuiteOneCaseOneTest(SuiteOneCaseOne.java:157)
... Removed 25 stack frames]]>
    </failure>
  </testcase> <!-- SuiteOneCaseOneTest -->
  <testcase name="SuiteOneCaseOneTest" time="19.023" classname="com.stta.SuiteOne.SuiteOneCaseOne">
    <failure type="java.lang.NullPointerException">
      <![CDATA[java.lang.NullPointerException
	at com.stta.SuiteOne.SuiteOneCaseOne.SuiteOneCaseOneTest(SuiteOneCaseOne.java:157)
... Removed 25 stack frames]]>
    </failure>
  </testcase> <!-- SuiteOneCaseOneTest -->
</testsuite> <!-- SuiteOneCaseOne -->
