<?xml version="1.0" encoding="UTF-8"?>
<!-- Generated by org.testng.reporters.JUnitXMLReporter -->
<testsuite hostname="Jeya-Lenovo" name="SuiteOneCaseTwo" tests="1" failures="1" timestamp="20 Sep 2015 15:15:30 GMT" time="0.016" errors="0">
  <testcase name="@BeforeTest checkCaseToRun" time="0.0" classname="com.stta.SuiteOne.SuiteOneCaseTwo">
    <failure type="java.lang.NullPointerException">
      <![CDATA[java.lang.NullPointerException
	at com.stta.utility.Read_XLS.retrieveToRunFlagTestData(Read_XLS.java:121)
	at com.stta.utility.SuiteUtility.checkToRunUtilityOfData(SuiteUtility.java:18)
	at com.stta.SuiteOne.SuiteOneCaseTwo.checkCaseToRun(SuiteOneCaseTwo.java:55)
... Removed 23 stack frames]]>
    </failure>
  </testcase> <!-- @BeforeTest checkCaseToRun -->
  <testcase name="@AfterTest closeBrowser" time="0.0" classname="com.stta.SuiteOne.SuiteOneCaseTwo">
    <skipped/>
  </testcase> <!-- @AfterTest closeBrowser -->
  <testcase name="SuiteOneCaseTwoTest" time="0.0" classname="com.stta.SuiteOne.SuiteOneCaseTwo">
    <failure type="org.testng.TestNGException" message="
The data provider is trying to pass 9 parameters but the method com.stta.SuiteOne.SuiteOneCaseTwo#SuiteOneCaseTwoTest takes 4">
      <![CDATA[org.testng.TestNGException: 
The data provider is trying to pass 9 parameters but the method com.stta.SuiteOne.SuiteOneCaseTwo#SuiteOneCaseTwoTest takes 4
... Removed 19 stack frames]]>
    </failure>
  </testcase> <!-- SuiteOneCaseTwoTest -->
</testsuite> <!-- SuiteOneCaseTwo -->
