<?xml version="1.0" encoding="UTF-8"?>
<!-- Generated by org.testng.reporters.JUnitXMLReporter -->
<testsuite hostname="Jeya-Lenovo" name="SuiteOneCaseOne" tests="2" failures="2" timestamp="6 Oct 2015 21:53:56 GMT" time="42.263" errors="0">
  <testcase name="SuiteOneCaseOneTest" time="26.382" classname="com.stta.SuiteOne.SuiteOneCaseOne">
    <failure type="java.lang.NullPointerException">
      <![CDATA[java.lang.NullPointerException
	at com.stta.SuiteOne.SuiteOneCaseOne.SuiteOneCaseOneTest(SuiteOneCaseOne.java:93)
... Removed 25 stack frames]]>
    </failure>
  </testcase> <!-- SuiteOneCaseOneTest -->
  <testcase name="SuiteOneCaseOneTest" time="15.384" classname="com.stta.SuiteOne.SuiteOneCaseOne">
    <failure type="java.lang.NullPointerException">
      <![CDATA[java.lang.NullPointerException
	at com.stta.SuiteOne.SuiteOneCaseOne.SuiteOneCaseOneTest(SuiteOneCaseOne.java:93)
... Removed 25 stack frames]]>
    </failure>
  </testcase> <!-- SuiteOneCaseOneTest -->
</testsuite> <!-- SuiteOneCaseOne -->
