<?xml version="1.0" encoding="UTF-8"?>
<!-- Generated by org.testng.reporters.JUnitXMLReporter -->
<testsuite hostname="Amit-HP" name="SuiteOneCaseTwo" tests="2" failures="0" timestamp="20 Sep 2015 12:56:08 GMT" time="0.055" errors="0">
  <testcase name="@BeforeTest checkCaseToRun" time="0.0" classname="com.stta.SuiteOne.SuiteOneCaseTwo">
    <skipped/>
  </testcase> <!-- @BeforeTest checkCaseToRun -->
  <testcase name="@AfterMethod reporterDataResults" time="0.0" classname="com.stta.SuiteOne.SuiteOneCaseTwo">
    <skipped/>
  </testcase> <!-- @AfterMethod reporterDataResults -->
  <testcase name="@AfterMethod reporterDataResults" time="0.0" classname="com.stta.SuiteOne.SuiteOneCaseTwo">
    <skipped/>
  </testcase> <!-- @AfterMethod reporterDataResults -->
  <testcase name="@AfterTest closeBrowser" time="0.0" classname="com.stta.SuiteOne.SuiteOneCaseTwo">
    <skipped/>
  </testcase> <!-- @AfterTest closeBrowser -->
  <testcase name="SuiteOneCaseTwoTest" time="0.001" classname="com.stta.SuiteOne.SuiteOneCaseTwo">
    <skipped/>
  </testcase> <!-- SuiteOneCaseTwoTest -->
  <testcase name="SuiteOneCaseTwoTest" time="0.001" classname="com.stta.SuiteOne.SuiteOneCaseTwo">
    <skipped/>
  </testcase> <!-- SuiteOneCaseTwoTest -->
</testsuite> <!-- SuiteOneCaseTwo -->
