<?xml version="1.0" encoding="UTF-8"?>
<!-- Generated by org.testng.reporters.JUnitXMLReporter -->
<testsuite hostname="Amit-HP" name="SuiteOneCaseOne" tests="2" failures="0" timestamp="20 Sep 2015 12:56:08 GMT" time="25.58" errors="0">
  <testcase name="SuiteOneCaseOneTest" time="25.002" classname="com.stta.SuiteOne.SuiteOneCaseOne"/>
  <testcase name="SuiteOneCaseOneTest" time="0.003" classname="com.stta.SuiteOne.SuiteOneCaseOne">
    <skipped/>
  </testcase> <!-- SuiteOneCaseOneTest -->
</testsuite> <!-- SuiteOneCaseOne -->
