<?xml version="1.0" encoding="UTF-8"?>
<!-- Generated by org.testng.reporters.JUnitXMLReporter -->
<testsuite hostname="SweetHome" name="SuiteTwoCaseTwo" tests="2" failures="1" timestamp="16 May 2015 13:40:14 GMT" time="21.196" errors="0">
  <testcase name="SuiteTwoCaseTwoTest" time="0.015" classname="com.stta.SuiteTwo.SuiteTwoCaseTwo">
    <skipped/>
  </testcase> <!-- SuiteTwoCaseTwoTest -->
  <testcase name="SuiteTwoCaseTwoTest" time="20.742" classname="com.stta.SuiteTwo.SuiteTwoCaseTwo">
    <failure type="java.lang.NullPointerException">
      <![CDATA[java.lang.NullPointerException
	at com.stta.SuiteTwo.SuiteTwoCaseTwo.SuiteTwoCaseTwoTest(SuiteTwoCaseTwo.java:86)
... Removed 25 stack frames]]>
    </failure>
  </testcase> <!-- SuiteTwoCaseTwoTest -->
</testsuite> <!-- SuiteTwoCaseTwo -->
