<?xml version="1.0" encoding="UTF-8"?>
<!-- Generated by org.testng.reporters.JUnitXMLReporter -->
<testsuite hostname="MJKLLaptop" name="SuiteTwoCaseOne" tests="2" failures="2" timestamp="13 Sep 2015 14:35:47 GMT" time="17.411" errors="0">
  <testcase name="SuiteTwoCaseOneTest" time="13.061" classname="com.stta.SuiteTwo.SuiteTwoCaseOne">
    <failure type="java.lang.NullPointerException">
      <![CDATA[java.lang.NullPointerException
	at com.stta.SuiteTwo.SuiteTwoCaseOne.SuiteTwoCaseOneTest(SuiteTwoCaseOne.java:86)
... Removed 25 stack frames]]>
    </failure>
  </testcase> <!-- SuiteTwoCaseOneTest -->
  <testcase name="SuiteTwoCaseOneTest" time="3.23" classname="com.stta.SuiteTwo.SuiteTwoCaseOne">
    <failure type="java.lang.NullPointerException">
      <![CDATA[java.lang.NullPointerException
	at com.stta.SuiteTwo.SuiteTwoCaseOne.SuiteTwoCaseOneTest(SuiteTwoCaseOne.java:86)
... Removed 25 stack frames]]>
    </failure>
  </testcase> <!-- SuiteTwoCaseOneTest -->
</testsuite> <!-- SuiteTwoCaseOne -->
